<?xml version="1.0" encoding="UTF-8"?>
<!-- Generated by org.testng.reporters.JUnitReportReporter -->
<testsuite hostname="DESKTOP-2R7SLE3" failures="0" tests="9" name="CucumberOptions.TestNGRunner" time="0.415" errors="0" timestamp="2024-05-22T12:12:34 IST" skipped="0">
  <testcase classname="CucumberOptions.TestNGRunner" name="runScenario" time="0.014"/>
  <testcase classname="CucumberOptions.TestNGRunner" name="runScenario" time="0.012"/>
  <testcase classname="CucumberOptions.TestNGRunner" name="runScenario" time="0.013"/>
  <testcase classname="CucumberOptions.TestNGRunner" name="runScenario" time="0.272"/>
  <testcase classname="CucumberOptions.TestNGRunner" name="runScenario" time="0.024"/>
  <testcase classname="CucumberOptions.TestNGRunner" name="runScenario" time="0.014"/>
  <testcase classname="CucumberOptions.TestNGRunner" name="runScenario" time="0.012"/>
  <testcase classname="CucumberOptions.TestNGRunner" name="runScenario" time="0.044"/>
  <testcase classname="CucumberOptions.TestNGRunner" name="runScenario" time="0.010"/>
</testsuite> <!-- CucumberOptions.TestNGRunner -->
